Mon Dec 17 2018 16:50:13 GMT+0800 (Philippine Standard Time): GET /about
Mon Dec 17 2018 16:50:32 GMT+0800 (Philippine Standard Time): GET /
Mon Dec 17 2018 16:51:01 GMT+0800 (Philippine Standard Time): GET /about
Mon Dec 17 2018 16:51:08 GMT+0800 (Philippine Standard Time): GET /
Mon Dec 17 2018 16:51:09 GMT+0800 (Philippine Standard Time): GET /about
Mon Dec 17 2018 16:51:09 GMT+0800 (Philippine Standard Time): GET /
Mon Dec 17 2018 16:51:10 GMT+0800 (Philippine Standard Time): GET /about
Mon Dec 17 2018 16:52:53 GMT+0800 (Philippine Standard Time): GET /about
Mon Dec 17 2018 16:53:04 GMT+0800 (Philippine Standard Time): GET /about
Mon Dec 17 2018 16:53:11 GMT+0800 (Philippine Standard Time): GET /
Mon Dec 17 2018 16:53:28 GMT+0800 (Philippine Standard Time): GET /
Mon Dec 17 2018 16:53:40 GMT+0800 (Philippine Standard Time): GET /
Mon Dec 17 2018 16:53:47 GMT+0800 (Philippine Standard Time): GET /about
Mon Dec 17 2018 16:53:53 GMT+0800 (Philippine Standard Time): GET /
Mon Dec 17 2018 16:57:09 GMT+0800 (Philippine Standard Time): GET /favicon.ico
Mon Dec 17 2018 16:57:32 GMT+0800 (Philippine Standard Time): GET /help.html
Mon Dec 17 2018 16:57:32 GMT+0800 (Philippine Standard Time): GET /favicon.ico
Mon Dec 17 2018 20:06:23 GMT+0800 (Philippine Standard Time): GET /
Mon Dec 17 2018 20:06:24 GMT+0800 (Philippine Standard Time): GET /favicon.ico
Mon Dec 17 2018 20:23:08 GMT+0800 (Philippine Standard Time): GET /
Mon Dec 17 2018 20:23:21 GMT+0800 (Philippine Standard Time): GET /
Mon Dec 17 2018 20:23:26 GMT+0800 (Philippine Standard Time): GET /
Mon Dec 17 2018 20:23:49 GMT+0800 (Philippine Standard Time): GET /
Mon Dec 17 2018 20:23:51 GMT+0800 (Philippine Standard Time): GET /
Mon Dec 17 2018 20:23:55 GMT+0800 (Philippine Standard Time): GET /
Mon Dec 17 2018 20:23:56 GMT+0800 (Philippine Standard Time): GET /projects
Mon Dec 17 2018 20:24:43 GMT+0800 (Philippine Standard Time): GET /projects
Mon Dec 17 2018 20:25:02 GMT+0800 (Philippine Standard Time): GET /projects
Mon Dec 17 2018 20:25:35 GMT+0800 (Philippine Standard Time): GET /projects
Mon Dec 17 2018 20:25:35 GMT+0800 (Philippine Standard Time): GET /projects
Mon Dec 17 2018 20:25:40 GMT+0800 (Philippine Standard Time): GET /projects
Mon Dec 17 2018 20:25:47 GMT+0800 (Philippine Standard Time): GET /projects
Mon Dec 17 2018 20:25:52 GMT+0800 (Philippine Standard Time): GET /projects
Mon Dec 17 2018 20:26:01 GMT+0800 (Philippine Standard Time): GET /projects
Tue Dec 18 2018 07:54:55 GMT+0800 (Philippine Standard Time): GET /
Tue Dec 18 2018 07:55:16 GMT+0800 (Philippine Standard Time): GET /
Tue Dec 18 2018 07:55:23 GMT+0800 (Philippine Standard Time): GET /
